<?xml version="1.0" encoding="UTF-8"?>
<!-- Generated by org.testng.reporters.JUnitXMLReporter -->
<testsuite ignored="0" hostname="Ashim" failures="0" tests="1" name="Default test" time="0.099" errors="0" timestamp="2025-06-06T12:29:11 IST">
  <testcase classname="USINGTESTNGPROJECTFORECOMMERCEWEBSITE.BaseClass" name="@BeforeClass toLaunch" time="0.016">
    <failure type="java.lang.NullPointerException" message="Cannot invoke &amp;quot;org.openqa.selenium.WebDriver.manage()&amp;quot; because &amp;quot;this.driver&amp;quot; is null">
      <![CDATA[java.lang.NullPointerException: Cannot invoke "org.openqa.selenium.WebDriver.manage()" because "this.driver" is null
at USINGTESTNGPROJECTFORECOMMERCEWEBSITE.BaseClass.toLaunch(BaseClass.java:39)
at java.base/jdk.internal.reflect.DirectMethodHandleAccessor.invoke(DirectMethodHandleAccessor.java:103)
at java.base/java.lang.reflect.Method.invoke(Method.java:580)
at org.testng.internal.invokers.MethodInvocationHelper.invokeMethod(MethodInvocationHelper.java:141)
at org.testng.internal.invokers.MethodInvocationHelper.invokeMethodConsideringTimeout(MethodInvocationHelper.java:71)
at org.testng.internal.invokers.ConfigInvoker.invokeConfigurationMethod(ConfigInvoker.java:400)
at org.testng.internal.invokers.ConfigInvoker.invokeConfigurations(ConfigInvoker.java:333)
at org.testng.internal.invokers.TestMethodWorker.invokeBeforeClassMethods(TestMethodWorker.java:188)
at org.testng.internal.invokers.TestMethodWorker.run(TestMethodWorker.java:128)
at java.base/java.util.ArrayList.forEach(ArrayList.java:1596)
at org.testng.TestRunner.privateRun(TestRunner.java:741)
at org.testng.TestRunner.run(TestRunner.java:616)
at org.testng.SuiteRunner.runTest(SuiteRunner.java:421)
at org.testng.SuiteRunner.runSequentially(SuiteRunner.java:413)
at org.testng.SuiteRunner.privateRun(SuiteRunner.java:373)
at org.testng.SuiteRunner.run(SuiteRunner.java:312)
at org.testng.SuiteRunnerWorker.runSuite(SuiteRunnerWorker.java:52)
at org.testng.SuiteRunnerWorker.run(SuiteRunnerWorker.java:95)
at org.testng.TestNG.runSuitesSequentially(TestNG.java:1274)
at org.testng.TestNG.runSuitesLocally(TestNG.java:1208)
at org.testng.TestNG.runSuites(TestNG.java:1112)
at org.testng.TestNG.run(TestNG.java:1079)
at org.testng.remote.AbstractRemoteTestNG.run(AbstractRemoteTestNG.java:115)
at org.testng.remote.RemoteTestNG.initAndRun(RemoteTestNG.java:293)
at org.testng.remote.RemoteTestNG.main(RemoteTestNG.java:91)
]]>
    </failure>
  </testcase> <!-- @BeforeClass toLaunch -->
  <testcase classname="USINGTESTNGPROJECTFORECOMMERCEWEBSITE.BaseClass" name="@BeforeMethod toLogin" time="0.0">
    <skipped/>
  </testcase> <!-- @BeforeMethod toLogin -->
  <testcase classname="USINGTESTNGPROJECTFORECOMMERCEWEBSITE.BaseClass" name="@AfterMethod toLogout" time="0.0">
    <skipped/>
  </testcase> <!-- @AfterMethod toLogout -->
  <testcase classname="USINGTESTNGPROJECTFORECOMMERCEWEBSITE.BaseClass" name="@AfterClass toCloseBrowser" time="0.0">
    <skipped/>
  </testcase> <!-- @AfterClass toCloseBrowser -->
  <testcase classname="USINGTESTNGPROJECTFORECOMMERCEWEBSITE.TC_NI_004" name="ToCheckApparel" time="0.001">
    <skipped/>
  </testcase> <!-- ToCheckApparel -->
</testsuite> <!-- Default test -->
